2021-10-17 17:16:29,831 INFO o.h.v.i.u.Version [background-preinit] HV000001: Hibernate Validator 6.1.7.Final
2021-10-17 17:16:29,865 INFO o.s.b.StartupInfoLogger [restartedMain] Starting Alistar using Java 15.0.2 on LAPTOP-C166DQS9 with PID 14824 (C:\Users\cesar\Documents\gitHubRespos\alistar\target\classes started by cesar in C:\Users\cesar\Documents\gitHubRespos\alistar)
2021-10-17 17:16:29,869 DEBUG o.s.b.StartupInfoLogger [restartedMain] Running with Spring Boot v2.4.4, Spring v5.3.5
2021-10-17 17:16:29,871 INFO o.s.b.SpringApplication [restartedMain] No active profile set, falling back to default profiles: default
2021-10-17 17:16:29,922 INFO o.s.b.l.DeferredLog [restartedMain] Devtools property defaults active! Set 'spring.devtools.add-properties' to 'false' to disable
2021-10-17 17:16:29,923 INFO o.s.b.l.DeferredLog [restartedMain] For additional web related logging consider setting the 'logging.level.web' property to 'DEBUG'
2021-10-17 17:16:31,326 INFO o.s.d.r.c.RepositoryConfigurationDelegate [restartedMain] Bootstrapping Spring Data JPA repositories in DEFAULT mode.
2021-10-17 17:16:31,420 INFO o.s.d.r.c.RepositoryConfigurationDelegate [restartedMain] Finished Spring Data repository scanning in 84 ms. Found 11 JPA repository interfaces.
2021-10-17 17:16:32,235 INFO o.s.b.w.e.t.TomcatWebServer [restartedMain] Tomcat initialized with port(s): 8080 (http)
2021-10-17 17:16:32,248 INFO o.a.j.l.DirectJDKLog [restartedMain] Initializing ProtocolHandler ["http-nio-8080"]
2021-10-17 17:16:32,249 INFO o.a.j.l.DirectJDKLog [restartedMain] Starting service [Tomcat]
2021-10-17 17:16:32,250 INFO o.a.j.l.DirectJDKLog [restartedMain] Starting Servlet engine: [Apache Tomcat/9.0.44]
2021-10-17 17:16:32,423 INFO o.a.j.l.DirectJDKLog [restartedMain] Initializing Spring embedded WebApplicationContext
2021-10-17 17:16:32,423 INFO o.s.b.w.s.c.ServletWebServerApplicationContext [restartedMain] Root WebApplicationContext: initialization completed in 2498 ms
2021-10-17 17:16:32,732 INFO o.h.j.i.u.LogHelper [restartedMain] HHH000204: Processing PersistenceUnitInfo [name: default]
2021-10-17 17:16:32,807 INFO o.h.Version [restartedMain] HHH000412: Hibernate ORM core version 5.4.29.Final
2021-10-17 17:16:32,997 INFO o.h.a.c.r.j.JavaReflectionManager [restartedMain] HCANN000001: Hibernate Commons Annotations {5.1.2.Final}
2021-10-17 17:16:33,118 INFO c.z.h.HikariDataSource [restartedMain] HikariPool-1 - Starting...
2021-10-17 17:16:34,308 INFO c.z.h.HikariDataSource [restartedMain] HikariPool-1 - Start completed.
2021-10-17 17:16:34,340 INFO o.h.d.Dialect [restartedMain] HHH000400: Using dialect: org.hibernate.dialect.PostgreSQL95Dialect
2021-10-17 17:16:39,114 INFO o.h.e.t.j.p.i.JtaPlatformInitiator [restartedMain] HHH000490: Using JtaPlatform implementation: [org.hibernate.engine.transaction.jta.platform.internal.NoJtaPlatform]
2021-10-17 17:16:39,253 INFO o.s.o.j.AbstractEntityManagerFactoryBean [restartedMain] Initialized JPA EntityManagerFactory for persistence unit 'default'
2021-10-17 17:16:39,660 DEBUG o.s.w.f.GenericFilterBean [restartedMain] Filter 'filterRequestJWT' configured for use
2021-10-17 17:16:39,721 INFO o.s.b.d.a.OptionalLiveReloadServer [restartedMain] LiveReload server is running on port 35729
2021-10-17 17:16:39,832 WARN o.s.b.a.o.j.JpaBaseConfiguration$JpaWebConfiguration [restartedMain] spring.jpa.open-in-view is enabled by default. Therefore, database queries may be performed during view rendering. Explicitly configure spring.jpa.open-in-view to disable this warning
2021-10-17 17:16:41,216 INFO o.s.s.w.DefaultSecurityFilterChain [restartedMain] Will secure any request with [org.springframework.security.web.context.request.async.WebAsyncManagerIntegrationFilter@4e32a17c, org.springframework.security.web.context.SecurityContextPersistenceFilter@3ffaefd4, org.springframework.security.web.header.HeaderWriterFilter@5c3676a3, org.springframework.web.filter.CorsFilter@7a4204c4, org.springframework.security.web.authentication.logout.LogoutFilter@166bd742, co.edu.ucentral.JwtUtil.FilterRequestJWT@2735d016, org.springframework.security.web.savedrequest.RequestCacheAwareFilter@16220537, org.springframework.security.web.servletapi.SecurityContextHolderAwareRequestFilter@710abb32, org.springframework.security.web.authentication.AnonymousAuthenticationFilter@39d5c656, org.springframework.security.web.session.SessionManagementFilter@19ef735a, org.springframework.security.web.access.ExceptionTranslationFilter@66f9110, org.springframework.security.web.access.intercept.FilterSecurityInterceptor@16744f56]
2021-10-17 17:16:41,352 INFO o.s.s.c.ExecutorConfigurationSupport [restartedMain] Initializing ExecutorService 'applicationTaskExecutor'
2021-10-17 17:16:41,782 INFO o.a.j.l.DirectJDKLog [restartedMain] Starting ProtocolHandler ["http-nio-8080"]
2021-10-17 17:16:41,824 INFO o.s.b.w.e.t.TomcatWebServer [restartedMain] Tomcat started on port(s): 8080 (http) with context path '/Demo'
2021-10-17 17:16:42,394 INFO o.s.b.StartupInfoLogger [restartedMain] Started Alistar in 13.042 seconds (JVM running for 14.254)
2021-10-17 17:19:29,539 INFO o.a.j.l.DirectJDKLog [http-nio-8080-exec-2] Initializing Spring DispatcherServlet 'dispatcherServlet'
2021-10-17 17:19:29,540 INFO o.s.w.s.FrameworkServlet [http-nio-8080-exec-2] Initializing Servlet 'dispatcherServlet'
2021-10-17 17:19:29,541 INFO o.s.w.s.FrameworkServlet [http-nio-8080-exec-2] Completed initialization in 1 ms
2021-10-17 17:19:29,560 INFO c.e.u.J.FilterRequestJWT [http-nio-8080-exec-2] Ingresa al el fintro del sistema
2021-10-17 17:19:29,776 DEBUG o.h.e.j.s.SqlStatementLogger [http-nio-8080-exec-2] select usuario0_.numero_identificacion as numero_i1_12_, usuario0_.direccion as direccio2_12_, usuario0_.email as email3_12_, usuario0_.fecha_nacimiento as fecha_na4_12_, usuario0_.imagen as imagen5_12_, usuario0_.nombre as nombre6_12_, usuario0_.password as password7_12_, usuario0_.telefono as telefono8_12_, usuario0_.tipo_documento as tipo_doc9_12_ from usuarios usuario0_ where usuario0_.numero_identificacion=?
2021-10-17 17:19:30,202 DEBUG o.h.e.j.s.SqlStatementLogger [http-nio-8080-exec-2] select usuario0_.numero_identificacion as numero_i1_12_, usuario0_.direccion as direccio2_12_, usuario0_.email as email3_12_, usuario0_.fecha_nacimiento as fecha_na4_12_, usuario0_.imagen as imagen5_12_, usuario0_.nombre as nombre6_12_, usuario0_.password as password7_12_, usuario0_.telefono as telefono8_12_, usuario0_.tipo_documento as tipo_doc9_12_ from usuarios usuario0_ where usuario0_.numero_identificacion=?
2021-10-17 17:19:30,306 DEBUG o.h.e.j.s.SqlStatementLogger [http-nio-8080-exec-2] select usuario0_.numero_identificacion as numero_i1_12_, usuario0_.direccion as direccio2_12_, usuario0_.email as email3_12_, usuario0_.fecha_nacimiento as fecha_na4_12_, usuario0_.imagen as imagen5_12_, usuario0_.nombre as nombre6_12_, usuario0_.password as password7_12_, usuario0_.telefono as telefono8_12_, usuario0_.tipo_documento as tipo_doc9_12_ from usuarios usuario0_ where usuario0_.numero_identificacion=?
2021-10-17 17:19:30,648 INFO c.e.u.r.UsuarioCtr [http-nio-8080-exec-2] Objeto Respuesta
2021-10-17 17:19:58,455 INFO c.e.u.J.FilterRequestJWT [http-nio-8080-exec-3] Ingresa al el fintro del sistema
2021-10-17 17:20:05,153 INFO c.e.u.J.FilterRequestJWT [http-nio-8080-exec-4] Ingresa al el fintro del sistema
2021-10-17 17:20:05,182 DEBUG o.h.e.j.s.SqlStatementLogger [http-nio-8080-exec-4] select usuario0_.numero_identificacion as numero_i1_12_, usuario0_.direccion as direccio2_12_, usuario0_.email as email3_12_, usuario0_.fecha_nacimiento as fecha_na4_12_, usuario0_.imagen as imagen5_12_, usuario0_.nombre as nombre6_12_, usuario0_.password as password7_12_, usuario0_.telefono as telefono8_12_, usuario0_.tipo_documento as tipo_doc9_12_ from usuarios usuario0_ where usuario0_.numero_identificacion=?
2021-10-17 17:20:05,370 DEBUG o.h.e.j.s.SqlStatementLogger [http-nio-8080-exec-4] select evento0_.id_evento as id_event1_3_, evento0_.id_estado as id_estad4_3_, evento0_.id_horario as id_horar5_3_, evento0_.nombre_evento as nombre_e2_3_, evento0_.usuario as usuario6_3_, evento0_.valor_total as valor_to3_3_ from eventos evento0_ where evento0_.id_evento=?
2021-10-17 17:20:05,477 DEBUG o.h.e.j.s.SqlStatementLogger [http-nio-8080-exec-4] select orden0_.id_evento as id_event4_6_0_, orden0_.id_orden as id_orden1_6_0_, orden0_.id_orden as id_orden1_6_1_, orden0_.cantidad as cantidad2_6_1_, orden0_.id_evento as id_event4_6_1_, orden0_.servicio_id as servicio5_6_1_, orden0_.total_orden as total_or3_6_1_ from ordenes orden0_ where orden0_.id_evento=?
2021-10-17 17:20:05,633 DEBUG o.h.e.j.s.SqlStatementLogger [http-nio-8080-exec-4] delete from ordenes where id_orden=?
2021-10-17 17:20:05,858 DEBUG o.h.e.j.s.SqlStatementLogger [http-nio-8080-exec-4] delete from eventos where id_evento=?
